2018-12-15 17:21:24.0281   System.IO.FileNotFoundException: Could not find file 'H:\ETBFP\ET-master\Bin\Hotfix.dll'.
File name: 'H:\ETBFP\ET-master\Bin\Hotfix.dll'
   at System.IO.FileStream.ValidateFileHandle(SafeFileHandle fileHandle)
   at System.IO.FileStream.CreateFileOpenHandle(FileMode mode, FileShare share, FileOptions options)
   at System.IO.FileStream..ctor(String path, FileMode mode, FileAccess access, FileShare share, Int32 bufferSize, FileOptions options)
   at System.IO.FileStream..ctor(String path, FileMode mode, FileAccess access, FileShare share, Int32 bufferSize)
   at System.IO.File.ReadAllBytes(String path)
   at ETModel.DllHelper.GetHotfixAssembly() in H:\ETBFP\ET-master\Server\Model\Base\Helper\DllHelper.cs:line 10
   at App.Program.Main(String[] args) in H:\ETBFP\ET-master\Server\App\Program.cs:line 18 
 Main at offset 230 in file:line:column H:\ETBFP\ET-master\Server\App\Program.cs:18:5
Error at offset 132 in file:line:column H:\ETBFP\ET-master\Server\Model\Base\Log.cs:31:4
Error at offset 105 in file:line:column H:\ETBFP\ET-master\Server\Model\Base\Logger\NLogAdapter.cs:35:4

2018-12-15 17:22:04.3147   System.IO.FileNotFoundException: Could not find file 'H:\ETBFP\ET-master\Bin\Hotfix.dll'.
File name: 'H:\ETBFP\ET-master\Bin\Hotfix.dll'
   at System.IO.FileStream.ValidateFileHandle(SafeFileHandle fileHandle)
   at System.IO.FileStream.CreateFileOpenHandle(FileMode mode, FileShare share, FileOptions options)
   at System.IO.FileStream..ctor(String path, FileMode mode, FileAccess access, FileShare share, Int32 bufferSize, FileOptions options)
   at System.IO.FileStream..ctor(String path, FileMode mode, FileAccess access, FileShare share, Int32 bufferSize)
   at System.IO.File.ReadAllBytes(String path)
   at ETModel.DllHelper.GetHotfixAssembly() in H:\ETBFP\ET-master\Server\Model\Base\Helper\DllHelper.cs:line 10
   at App.Program.Main(String[] args) in H:\ETBFP\ET-master\Server\App\Program.cs:line 18 
 Main at offset 230 in file:line:column H:\ETBFP\ET-master\Server\App\Program.cs:18:5
Error at offset 132 in file:line:column H:\ETBFP\ET-master\Server\Model\Base\Log.cs:31:4
Error at offset 105 in file:line:column H:\ETBFP\ET-master\Server\Model\Base\Logger\NLogAdapter.cs:35:4

